[debug] [2021-11-15T22:38:25.625Z] ----------------------------------------------------------------------
[debug] [2021-11-15T22:38:25.627Z] Command:       C:\Program Files\nodejs\node.exe C:\Users\matte\AppData\Roaming\npm\node_modules\firebase-tools\lib\bin\firebase.js init
[debug] [2021-11-15T22:38:25.627Z] CLI Version:   9.22.0
[debug] [2021-11-15T22:38:25.627Z] Platform:      win32
[debug] [2021-11-15T22:38:25.627Z] Node Version:  v17.1.0
[debug] [2021-11-15T22:38:25.628Z] Time:          Mon Nov 15 2021 23:38:25 GMT+0100 (Ora standard dell’Europa centrale)
[debug] [2021-11-15T22:38:25.628Z] ----------------------------------------------------------------------
[debug] 
[debug] [2021-11-15T22:38:25.669Z] > command requires scopes: ["email","openid","https://www.googleapis.com/auth/cloudplatformprojects.readonly","https://www.googleapis.com/auth/firebase","https://www.googleapis.com/auth/cloud-platform"]
[debug] [2021-11-15T22:38:25.669Z] > authorizing via signed-in user (matteocali.07@gmail.com)
[info] 
     ######## #### ########  ######## ########     ###     ######  ########
     ##        ##  ##     ## ##       ##     ##  ##   ##  ##       ##
     ######    ##  ########  ######   ########  #########  ######  ######
     ##        ##  ##    ##  ##       ##     ## ##     ##       ## ##
     ##       #### ##     ## ######## ########  ##     ##  ######  ########

You're about to initialize a Firebase project in this directory:

  C:\Users\matte

Before we get started, keep in mind:

  * You are initializing within an existing Firebase project directory

[info] 
=== Project Setup
[info] 
[info] First, let's associate this project directory with a Firebase project.
[info] You can create multiple project aliases by running firebase use --add, 
[info] but for now we'll just set up a default project.
[info] 
[info] i  .firebaserc already has a default project, using diegoladinishop. 
[debug] [2021-11-15T22:38:46.106Z] > refreshing access token with scopes: []
[debug] [2021-11-15T22:38:46.107Z] >>> HTTP REQUEST POST https://www.googleapis.com/oauth2/v3/token  
 <request body omitted>
[debug] [2021-11-15T22:38:46.423Z] <<< HTTP RESPONSE 200 {"date":"Mon, 15 Nov 2021 22:38:47 GMT","cache-control":"no-cache, no-store, max-age=0, must-revalidate","pragma":"no-cache","expires":"Mon, 01 Jan 1990 00:00:00 GMT","content-type":"application/json; charset=utf-8","vary":"X-Origin, Referer, Origin,Accept-Encoding","server":"scaffolding on HTTPServer2","x-xss-protection":"0","x-frame-options":"SAMEORIGIN","x-content-type-options":"nosniff","alt-svc":"h3=\":443\"; ma=2592000,h3-29=\":443\"; ma=2592000,h3-Q050=\":443\"; ma=2592000,h3-Q046=\":443\"; ma=2592000,h3-Q043=\":443\"; ma=2592000,quic=\":443\"; ma=2592000; v=\"46,43\"","accept-ranges":"none","transfer-encoding":"chunked"}
[debug] [2021-11-15T22:38:46.431Z] >>> [apiv2][query] GET https://firebase.googleapis.com/v1beta1/projects/diegoladinishop [none]
[debug] [2021-11-15T22:38:46.816Z] <<< [apiv2][status] GET https://firebase.googleapis.com/v1beta1/projects/diegoladinishop 200
[debug] [2021-11-15T22:38:46.816Z] <<< [apiv2][body] GET https://firebase.googleapis.com/v1beta1/projects/diegoladinishop {"projectId":"diegoladinishop","projectNumber":"130888994115","displayName":"diegoshop","name":"projects/diegoladinishop","resources":{"hostingSite":"diegoladinishop"},"state":"ACTIVE"}
[info] 
=== Hosting Setup
[info] 
[info] Your public directory is the folder (relative to your project directory) that
[info] will contain Hosting assets to be uploaded with firebase deploy. If you
[info] have a build process for your assets, use your build's output directory.
[info] 
